2026-04-07 13:09:00 0 [Note] Starting MariaDB 10.4.32-MariaDB source revision c4143f909528e3fab0677a28631d10389354c491 as process 7976
2026-04-07 13:09:00 0 [Note] InnoDB: Mutexes and rw_locks use Windows interlocked functions
2026-04-07 13:09:00 0 [Note] InnoDB: Uses event mutexes
2026-04-07 13:09:00 0 [Note] InnoDB: Compressed tables use zlib 1.3
2026-04-07 13:09:00 0 [Note] InnoDB: Number of pools: 1
2026-04-07 13:09:00 0 [Note] InnoDB: Using SSE2 crc32 instructions
2026-04-07 13:09:00 0 [Note] InnoDB: Initializing buffer pool, total size = 16M, instances = 1, chunk size = 16M
2026-04-07 13:09:00 0 [Note] InnoDB: Completed initialization of buffer pool
2026-04-07 13:09:00 0 [Note] InnoDB: Starting crash recovery from checkpoint LSN=300288
2026-04-07 13:09:00 0 [Note] InnoDB: 128 out of 128 rollback segments are active.
2026-04-07 13:09:00 0 [Note] InnoDB: Removed temporary tablespace data file: "ibtmp1"
2026-04-07 13:09:00 0 [Note] InnoDB: Creating shared tablespace for temporary tables
2026-04-07 13:09:00 0 [Note] InnoDB: Setting file 'C:\xampp\mysql\data\ibtmp1' size to 12 MB. Physically writing the file full; Please wait ...
2026-04-07 13:09:00 0 [Note] InnoDB: File 'C:\xampp\mysql\data\ibtmp1' size is now 12 MB.
2026-04-07 13:09:00 0 [Note] InnoDB: Waiting for purge to start
2026-04-07 13:09:01 0 [Note] InnoDB: 10.4.32 started; log sequence number 300297; transaction id 170
2026-04-07 13:09:01 0 [Note] InnoDB: Loading buffer pool(s) from C:\xampp\mysql\data\ib_buffer_pool
2026-04-07 13:09:01 0 [Note] Plugin 'FEEDBACK' is disabled.
2026-04-07 13:09:01 0 [Note] Server socket created on IP: '::'.
2026-04-08 10:47:51 0 [Note] Starting MariaDB 10.4.32-MariaDB source revision c4143f909528e3fab0677a28631d10389354c491 as process 11036
2026-04-08 10:47:51 0 [Note] InnoDB: Mutexes and rw_locks use Windows interlocked functions
2026-04-08 10:47:51 0 [Note] InnoDB: Uses event mutexes
2026-04-08 10:47:51 0 [Note] InnoDB: Compressed tables use zlib 1.3
2026-04-08 10:47:51 0 [Note] InnoDB: Number of pools: 1
2026-04-08 10:47:51 0 [Note] InnoDB: Using SSE2 crc32 instructions
2026-04-08 10:47:51 0 [Note] InnoDB: Initializing buffer pool, total size = 16M, instances = 1, chunk size = 16M
2026-04-08 10:47:51 0 [Note] InnoDB: Completed initialization of buffer pool
2026-04-08 10:47:51 0 [Note] InnoDB: Starting crash recovery from checkpoint LSN=1818968
2026-04-08 10:47:52 0 [Note] InnoDB: 128 out of 128 rollback segments are active.
2026-04-08 10:47:52 0 [Note] InnoDB: Removed temporary tablespace data file: "ibtmp1"
2026-04-08 10:47:52 0 [Note] InnoDB: Creating shared tablespace for temporary tables
2026-04-08 10:47:52 0 [Note] InnoDB: Setting file 'C:\xampp\mysql\data\ibtmp1' size to 12 MB. Physically writing the file full; Please wait ...
2026-04-08 10:47:52 0 [Note] InnoDB: File 'C:\xampp\mysql\data\ibtmp1' size is now 12 MB.
2026-04-08 10:47:52 0 [Note] InnoDB: Waiting for purge to start
2026-04-08 10:47:52 0 [Note] InnoDB: 10.4.32 started; log sequence number 1818977; transaction id 917
2026-04-08 10:47:52 0 [Note] InnoDB: Loading buffer pool(s) from C:\xampp\mysql\data\ib_buffer_pool
2026-04-08 10:47:52 0 [Note] Plugin 'FEEDBACK' is disabled.
2026-04-08 10:47:52 0 [Note] InnoDB: Buffer pool(s) load completed at 260408 10:47:52
2026-04-08 10:47:52 0 [Note] Server socket created on IP: '::'.
2026-04-09 10:04:14 0 [Note] Starting MariaDB 10.4.32-MariaDB source revision c4143f909528e3fab0677a28631d10389354c491 as process 7428
2026-04-09 10:04:14 0 [Note] InnoDB: Mutexes and rw_locks use Windows interlocked functions
2026-04-09 10:04:14 0 [Note] InnoDB: Uses event mutexes
2026-04-09 10:04:14 0 [Note] InnoDB: Compressed tables use zlib 1.3
2026-04-09 10:04:14 0 [Note] InnoDB: Number of pools: 1
2026-04-09 10:04:14 0 [Note] InnoDB: Using SSE2 crc32 instructions
2026-04-09 10:04:14 0 [Note] InnoDB: Initializing buffer pool, total size = 16M, instances = 1, chunk size = 16M
2026-04-09 10:04:14 0 [Note] InnoDB: Completed initialization of buffer pool
2026-04-09 10:04:14 0 [Note] InnoDB: Starting crash recovery from checkpoint LSN=1974632
2026-04-09 10:04:15 0 [Note] InnoDB: 128 out of 128 rollback segments are active.
2026-04-09 10:04:15 0 [Note] InnoDB: Removed temporary tablespace data file: "ibtmp1"
2026-04-09 10:04:15 0 [Note] InnoDB: Creating shared tablespace for temporary tables
2026-04-09 10:04:15 0 [Note] InnoDB: Setting file 'C:\xampp\mysql\data\ibtmp1' size to 12 MB. Physically writing the file full; Please wait ...
2026-04-09 10:04:15 0 [Note] InnoDB: File 'C:\xampp\mysql\data\ibtmp1' size is now 12 MB.
2026-04-09 10:04:15 0 [Note] InnoDB: Waiting for purge to start
2026-04-09 10:04:15 0 [Note] InnoDB: 10.4.32 started; log sequence number 1974641; transaction id 1364
2026-04-09 10:04:15 0 [Note] InnoDB: Loading buffer pool(s) from C:\xampp\mysql\data\ib_buffer_pool
2026-04-09 10:04:15 0 [Note] Plugin 'FEEDBACK' is disabled.
2026-04-09 10:04:15 0 [Note] InnoDB: Buffer pool(s) load completed at 260409 10:04:15
2026-04-09 10:04:15 0 [Note] Server socket created on IP: '::'.
2026-04-09 10:13:31 0 [Note] Starting MariaDB 10.4.32-MariaDB source revision c4143f909528e3fab0677a28631d10389354c491 as process 5748
2026-04-09 10:13:31 0 [Note] InnoDB: Mutexes and rw_locks use Windows interlocked functions
2026-04-09 10:13:31 0 [Note] InnoDB: Uses event mutexes
2026-04-09 10:13:31 0 [Note] InnoDB: Compressed tables use zlib 1.3
2026-04-09 10:13:31 0 [Note] InnoDB: Number of pools: 1
2026-04-09 10:13:31 0 [Note] InnoDB: Using SSE2 crc32 instructions
2026-04-09 10:13:31 0 [Note] InnoDB: Initializing buffer pool, total size = 16M, instances = 1, chunk size = 16M
2026-04-09 10:13:31 0 [Note] InnoDB: Completed initialization of buffer pool
2026-04-09 10:13:31 0 [Note] InnoDB: Starting crash recovery from checkpoint LSN=1974650
2026-04-09 10:13:32 0 [Note] InnoDB: 128 out of 128 rollback segments are active.
2026-04-09 10:13:32 0 [Note] InnoDB: Removed temporary tablespace data file: "ibtmp1"
2026-04-09 10:13:32 0 [Note] InnoDB: Creating shared tablespace for temporary tables
2026-04-09 10:13:32 0 [Note] InnoDB: Setting file 'C:\xampp\mysql\data\ibtmp1' size to 12 MB. Physically writing the file full; Please wait ...
2026-04-09 10:13:32 0 [Note] InnoDB: File 'C:\xampp\mysql\data\ibtmp1' size is now 12 MB.
2026-04-09 10:13:32 0 [Note] InnoDB: Waiting for purge to start
2026-04-09 10:13:32 0 [Note] InnoDB: 10.4.32 started; log sequence number 1974659; transaction id 1364
2026-04-09 10:13:32 0 [Note] InnoDB: Loading buffer pool(s) from C:\xampp\mysql\data\ib_buffer_pool
2026-04-09 10:13:32 0 [Note] Plugin 'FEEDBACK' is disabled.
2026-04-09 10:13:32 0 [Note] InnoDB: Buffer pool(s) load completed at 260409 10:13:32
2026-04-09 10:13:32 0 [Note] Server socket created on IP: '::'.
2026-04-09 14:09:10 0 [Note] Starting MariaDB 10.4.32-MariaDB source revision c4143f909528e3fab0677a28631d10389354c491 as process 21484
2026-04-09 14:09:10 0 [Note] InnoDB: Mutexes and rw_locks use Windows interlocked functions
2026-04-09 14:09:10 0 [Note] InnoDB: Uses event mutexes
2026-04-09 14:09:10 0 [Note] InnoDB: Compressed tables use zlib 1.3
2026-04-09 14:09:10 0 [Note] InnoDB: Number of pools: 1
2026-04-09 14:09:10 0 [Note] InnoDB: Using SSE2 crc32 instructions
2026-04-09 14:09:10 0 [Note] InnoDB: Initializing buffer pool, total size = 16M, instances = 1, chunk size = 16M
2026-04-09 14:09:10 0 [Note] InnoDB: Completed initialization of buffer pool
2026-04-09 14:09:10 0 [Note] InnoDB: Starting crash recovery from checkpoint LSN=1974668
2026-04-09 14:09:10 0 [Note] InnoDB: 128 out of 128 rollback segments are active.
2026-04-09 14:09:10 0 [Note] InnoDB: Removed temporary tablespace data file: "ibtmp1"
2026-04-09 14:09:10 0 [Note] InnoDB: Creating shared tablespace for temporary tables
2026-04-09 14:09:10 0 [Note] InnoDB: Setting file 'C:\xampp\mysql\data\ibtmp1' size to 12 MB. Physically writing the file full; Please wait ...
2026-04-09 14:09:10 0 [Note] InnoDB: File 'C:\xampp\mysql\data\ibtmp1' size is now 12 MB.
2026-04-09 14:09:10 0 [Note] InnoDB: Waiting for purge to start
2026-04-09 14:09:10 0 [Note] InnoDB: 10.4.32 started; log sequence number 1974677; transaction id 1364
2026-04-09 14:09:10 0 [Note] InnoDB: Loading buffer pool(s) from C:\xampp\mysql\data\ib_buffer_pool
2026-04-09 14:09:10 0 [Note] Plugin 'FEEDBACK' is disabled.
2026-04-09 14:09:10 0 [Note] Server socket created on IP: '::'.
2026-04-21 12:37:02 0 [Note] Starting MariaDB 10.4.32-MariaDB source revision c4143f909528e3fab0677a28631d10389354c491 as process 9980
2026-04-21 12:37:02 0 [Note] InnoDB: Mutexes and rw_locks use Windows interlocked functions
2026-04-21 12:37:02 0 [Note] InnoDB: Uses event mutexes
2026-04-21 12:37:02 0 [Note] InnoDB: Compressed tables use zlib 1.3
2026-04-21 12:37:02 0 [Note] InnoDB: Number of pools: 1
2026-04-21 12:37:02 0 [Note] InnoDB: Using SSE2 crc32 instructions
2026-04-21 12:37:02 0 [Note] InnoDB: Initializing buffer pool, total size = 16M, instances = 1, chunk size = 16M
2026-04-21 12:37:02 0 [Note] InnoDB: Completed initialization of buffer pool
2026-04-21 12:37:02 0 [Note] InnoDB: Starting crash recovery from checkpoint LSN=1979346
2026-04-21 12:37:02 0 [Note] InnoDB: 128 out of 128 rollback segments are active.
2026-04-21 12:37:02 0 [Note] InnoDB: Removed temporary tablespace data file: "ibtmp1"
2026-04-21 12:37:02 0 [Note] InnoDB: Creating shared tablespace for temporary tables
2026-04-21 12:37:02 0 [Note] InnoDB: Setting file 'C:\xampp\mysql\data\ibtmp1' size to 12 MB. Physically writing the file full; Please wait ...
2026-04-21 12:37:02 0 [Note] InnoDB: File 'C:\xampp\mysql\data\ibtmp1' size is now 12 MB.
2026-04-21 12:37:02 0 [Note] InnoDB: Waiting for purge to start
2026-04-21 12:37:02 0 [Note] InnoDB: 10.4.32 started; log sequence number 1979355; transaction id 1422
2026-04-21 12:37:02 0 [Note] InnoDB: Loading buffer pool(s) from C:\xampp\mysql\data\ib_buffer_pool
2026-04-21 12:37:02 0 [Note] Plugin 'FEEDBACK' is disabled.
2026-04-21 12:37:02 0 [Note] InnoDB: Buffer pool(s) load completed at 260421 12:37:02
2026-04-21 12:37:02 0 [Note] Server socket created on IP: '::'.
2026-05-04 14:13:57 0 [Note] Starting MariaDB 10.4.32-MariaDB source revision c4143f909528e3fab0677a28631d10389354c491 as process 10484
2026-05-04 14:13:57 0 [Note] InnoDB: Mutexes and rw_locks use Windows interlocked functions
2026-05-04 14:13:57 0 [Note] InnoDB: Uses event mutexes
2026-05-04 14:13:57 0 [Note] InnoDB: Compressed tables use zlib 1.3
2026-05-04 14:13:57 0 [Note] InnoDB: Number of pools: 1
2026-05-04 14:13:57 0 [Note] InnoDB: Using SSE2 crc32 instructions
2026-05-04 14:13:57 0 [Note] InnoDB: Initializing buffer pool, total size = 16M, instances = 1, chunk size = 16M
2026-05-04 14:13:57 0 [Note] InnoDB: Completed initialization of buffer pool
2026-05-04 14:13:57 0 [Note] InnoDB: Starting crash recovery from checkpoint LSN=1979364
2026-05-04 14:13:58 0 [Note] InnoDB: 128 out of 128 rollback segments are active.
2026-05-04 14:13:58 0 [Note] InnoDB: Removed temporary tablespace data file: "ibtmp1"
2026-05-04 14:13:58 0 [Note] InnoDB: Creating shared tablespace for temporary tables
2026-05-04 14:13:58 0 [Note] InnoDB: Setting file 'C:\xampp\mysql\data\ibtmp1' size to 12 MB. Physically writing the file full; Please wait ...
2026-05-04 14:13:58 0 [Note] InnoDB: File 'C:\xampp\mysql\data\ibtmp1' size is now 12 MB.
2026-05-04 14:13:58 0 [Note] InnoDB: Waiting for purge to start
2026-05-04 14:13:58 0 [Note] InnoDB: 10.4.32 started; log sequence number 1979373; transaction id 1422
2026-05-04 14:13:58 0 [Note] InnoDB: Loading buffer pool(s) from C:\xampp\mysql\data\ib_buffer_pool
2026-05-04 14:13:58 0 [Note] Plugin 'FEEDBACK' is disabled.
2026-05-04 14:13:58 0 [Note] InnoDB: Buffer pool(s) load completed at 260504 14:13:58
2026-05-04 14:13:58 0 [Note] Server socket created on IP: '::'.
2026-05-06 12:32:15 0 [Note] Starting MariaDB 10.4.32-MariaDB source revision c4143f909528e3fab0677a28631d10389354c491 as process 784
2026-05-06 12:32:15 0 [Note] InnoDB: Mutexes and rw_locks use Windows interlocked functions
2026-05-06 12:32:15 0 [Note] InnoDB: Uses event mutexes
2026-05-06 12:32:15 0 [Note] InnoDB: Compressed tables use zlib 1.3
2026-05-06 12:32:15 0 [Note] InnoDB: Number of pools: 1
2026-05-06 12:32:15 0 [Note] InnoDB: Using SSE2 crc32 instructions
2026-05-06 12:32:15 0 [Note] InnoDB: Initializing buffer pool, total size = 16M, instances = 1, chunk size = 16M
2026-05-06 12:32:15 0 [Note] InnoDB: Completed initialization of buffer pool
2026-05-06 12:32:15 0 [Note] InnoDB: Starting crash recovery from checkpoint LSN=6297244
2026-05-06 12:32:15 0 [Note] InnoDB: 128 out of 128 rollback segments are active.
2026-05-06 12:32:15 0 [Note] InnoDB: Removed temporary tablespace data file: "ibtmp1"
2026-05-06 12:32:15 0 [Note] InnoDB: Creating shared tablespace for temporary tables
2026-05-06 12:32:15 0 [Note] InnoDB: Setting file 'C:\xampp\mysql\data\ibtmp1' size to 12 MB. Physically writing the file full; Please wait ...
2026-05-06 12:32:15 0 [Note] InnoDB: File 'C:\xampp\mysql\data\ibtmp1' size is now 12 MB.
2026-05-06 12:32:15 0 [Note] InnoDB: Waiting for purge to start
2026-05-06 12:32:15 0 [Note] InnoDB: 10.4.32 started; log sequence number 6297253; transaction id 2710
2026-05-06 12:32:15 0 [Note] InnoDB: Loading buffer pool(s) from C:\xampp\mysql\data\ib_buffer_pool
2026-05-06 12:32:15 0 [Note] Plugin 'FEEDBACK' is disabled.
2026-05-06 12:32:15 0 [Note] InnoDB: Buffer pool(s) load completed at 260506 12:32:15
2026-05-06 12:32:15 0 [Note] Server socket created on IP: '::'.
2026-05-06 15:20:10 0 [Note] Starting MariaDB 10.4.32-MariaDB source revision c4143f909528e3fab0677a28631d10389354c491 as process 13184
2026-05-06 15:20:10 0 [Note] InnoDB: Mutexes and rw_locks use Windows interlocked functions
2026-05-06 15:20:10 0 [Note] InnoDB: Uses event mutexes
2026-05-06 15:20:10 0 [Note] InnoDB: Compressed tables use zlib 1.3
2026-05-06 15:20:10 0 [Note] InnoDB: Number of pools: 1
2026-05-06 15:20:10 0 [Note] InnoDB: Using SSE2 crc32 instructions
2026-05-06 15:20:10 0 [Note] InnoDB: Initializing buffer pool, total size = 16M, instances = 1, chunk size = 16M
2026-05-06 15:20:10 0 [Note] InnoDB: Completed initialization of buffer pool
2026-05-06 15:20:11 0 [Note] InnoDB: Starting crash recovery from checkpoint LSN=13588302
2026-05-06 15:20:11 0 [Note] InnoDB: 128 out of 128 rollback segments are active.
2026-05-06 15:20:11 0 [Note] InnoDB: Removed temporary tablespace data file: "ibtmp1"
2026-05-06 15:20:11 0 [Note] InnoDB: Creating shared tablespace for temporary tables
2026-05-06 15:20:11 0 [Note] InnoDB: Setting file 'C:\xampp\mysql\data\ibtmp1' size to 12 MB. Physically writing the file full; Please wait ...
2026-05-06 15:20:11 0 [Note] InnoDB: File 'C:\xampp\mysql\data\ibtmp1' size is now 12 MB.
2026-05-06 15:20:11 0 [Note] InnoDB: Waiting for purge to start
2026-05-06 15:20:11 0 [Note] InnoDB: 10.4.32 started; log sequence number 13588311; transaction id 4432
2026-05-06 15:20:11 0 [Note] InnoDB: Loading buffer pool(s) from C:\xampp\mysql\data\ib_buffer_pool
2026-05-06 15:20:11 0 [Note] Plugin 'FEEDBACK' is disabled.
2026-05-06 15:20:11 0 [Note] InnoDB: Buffer pool(s) load completed at 260506 15:20:11
2026-05-06 15:20:11 0 [Note] Server socket created on IP: '::'.
2026-05-07 15:00:44 0 [Note] Starting MariaDB 10.4.32-MariaDB source revision c4143f909528e3fab0677a28631d10389354c491 as process 19052
2026-05-07 15:00:44 0 [Note] InnoDB: Mutexes and rw_locks use Windows interlocked functions
2026-05-07 15:00:44 0 [Note] InnoDB: Uses event mutexes
2026-05-07 15:00:44 0 [Note] InnoDB: Compressed tables use zlib 1.3
2026-05-07 15:00:44 0 [Note] InnoDB: Number of pools: 1
2026-05-07 15:00:44 0 [Note] InnoDB: Using SSE2 crc32 instructions
2026-05-07 15:00:44 0 [Note] InnoDB: Initializing buffer pool, total size = 16M, instances = 1, chunk size = 16M
2026-05-07 15:00:44 0 [Note] InnoDB: Completed initialization of buffer pool
2026-05-07 15:00:44 0 [Note] InnoDB: Starting crash recovery from checkpoint LSN=13588320
2026-05-07 15:00:45 0 [Note] InnoDB: 128 out of 128 rollback segments are active.
2026-05-07 15:00:45 0 [Note] InnoDB: Removed temporary tablespace data file: "ibtmp1"
2026-05-07 15:00:45 0 [Note] InnoDB: Creating shared tablespace for temporary tables
2026-05-07 15:00:45 0 [Note] InnoDB: Setting file 'C:\xampp\mysql\data\ibtmp1' size to 12 MB. Physically writing the file full; Please wait ...
2026-05-07 15:00:45 0 [Note] InnoDB: File 'C:\xampp\mysql\data\ibtmp1' size is now 12 MB.
2026-05-07 15:00:45 0 [Note] InnoDB: Waiting for purge to start
2026-05-07 15:00:45 0 [Note] InnoDB: 10.4.32 started; log sequence number 13588329; transaction id 4432
2026-05-07 15:00:45 0 [Note] InnoDB: Loading buffer pool(s) from C:\xampp\mysql\data\ib_buffer_pool
2026-05-07 15:00:45 0 [Note] Plugin 'FEEDBACK' is disabled.
2026-05-07 15:00:45 0 [Note] InnoDB: Buffer pool(s) load completed at 260507 15:00:45
2026-05-07 15:00:45 0 [Note] Server socket created on IP: '::'.
2026-05-08 10:47:55 0 [Note] Starting MariaDB 10.4.32-MariaDB source revision c4143f909528e3fab0677a28631d10389354c491 as process 15600
2026-05-08 10:47:55 0 [Note] InnoDB: Mutexes and rw_locks use Windows interlocked functions
2026-05-08 10:47:55 0 [Note] InnoDB: Uses event mutexes
2026-05-08 10:47:55 0 [Note] InnoDB: Compressed tables use zlib 1.3
2026-05-08 10:47:55 0 [Note] InnoDB: Number of pools: 1
2026-05-08 10:47:55 0 [Note] InnoDB: Using SSE2 crc32 instructions
2026-05-08 10:47:55 0 [Note] InnoDB: Initializing buffer pool, total size = 16M, instances = 1, chunk size = 16M
2026-05-08 10:47:55 0 [Note] InnoDB: Completed initialization of buffer pool
2026-05-08 10:47:55 0 [Note] InnoDB: Starting crash recovery from checkpoint LSN=13588338
2026-05-08 10:47:56 0 [Note] InnoDB: 128 out of 128 rollback segments are active.
2026-05-08 10:47:56 0 [Note] InnoDB: Removed temporary tablespace data file: "ibtmp1"
2026-05-08 10:47:56 0 [Note] InnoDB: Creating shared tablespace for temporary tables
2026-05-08 10:47:56 0 [Note] InnoDB: Setting file 'C:\xampp\mysql\data\ibtmp1' size to 12 MB. Physically writing the file full; Please wait ...
2026-05-08 10:47:56 0 [Note] InnoDB: File 'C:\xampp\mysql\data\ibtmp1' size is now 12 MB.
2026-05-08 10:47:56 0 [Note] InnoDB: Waiting for purge to start
2026-05-08 10:47:56 0 [Note] InnoDB: 10.4.32 started; log sequence number 13588347; transaction id 4432
2026-05-08 10:47:56 0 [Note] InnoDB: Loading buffer pool(s) from C:\xampp\mysql\data\ib_buffer_pool
2026-05-08 10:47:56 0 [Note] Plugin 'FEEDBACK' is disabled.
2026-05-08 10:47:56 0 [Note] InnoDB: Buffer pool(s) load completed at 260508 10:47:56
2026-05-08 10:47:56 0 [Note] Server socket created on IP: '::'.
2026-05-12 13:47:06 0 [Note] Starting MariaDB 10.4.32-MariaDB source revision c4143f909528e3fab0677a28631d10389354c491 as process 10624
2026-05-12 13:47:06 0 [Note] InnoDB: Mutexes and rw_locks use Windows interlocked functions
2026-05-12 13:47:06 0 [Note] InnoDB: Uses event mutexes
2026-05-12 13:47:06 0 [Note] InnoDB: Compressed tables use zlib 1.3
2026-05-12 13:47:06 0 [Note] InnoDB: Number of pools: 1
2026-05-12 13:47:06 0 [Note] InnoDB: Using SSE2 crc32 instructions
2026-05-12 13:47:06 0 [Note] InnoDB: Initializing buffer pool, total size = 16M, instances = 1, chunk size = 16M
2026-05-12 13:47:06 0 [Note] InnoDB: Completed initialization of buffer pool
2026-05-12 13:47:06 0 [Note] InnoDB: Starting crash recovery from checkpoint LSN=13601924
2026-05-12 13:47:07 0 [Note] InnoDB: 128 out of 128 rollback segments are active.
2026-05-12 13:47:07 0 [Note] InnoDB: Removed temporary tablespace data file: "ibtmp1"
2026-05-12 13:47:07 0 [Note] InnoDB: Creating shared tablespace for temporary tables
2026-05-12 13:47:07 0 [Note] InnoDB: Setting file 'C:\xampp\mysql\data\ibtmp1' size to 12 MB. Physically writing the file full; Please wait ...
2026-05-12 13:47:07 0 [Note] InnoDB: File 'C:\xampp\mysql\data\ibtmp1' size is now 12 MB.
2026-05-12 13:47:07 0 [Note] InnoDB: Waiting for purge to start
2026-05-12 13:47:07 0 [Note] InnoDB: 10.4.32 started; log sequence number 13601933; transaction id 4469
2026-05-12 13:47:07 0 [Note] InnoDB: Loading buffer pool(s) from C:\xampp\mysql\data\ib_buffer_pool
2026-05-12 13:47:07 0 [Note] Plugin 'FEEDBACK' is disabled.
2026-05-12 13:47:07 0 [Note] InnoDB: Buffer pool(s) load completed at 260512 13:47:07
2026-05-12 13:47:07 0 [Note] Server socket created on IP: '::'.
2026-05-12 16:53:21 0 [Note] Starting MariaDB 10.4.32-MariaDB source revision c4143f909528e3fab0677a28631d10389354c491 as process 8156
2026-05-12 16:53:21 0 [Note] InnoDB: Mutexes and rw_locks use Windows interlocked functions
2026-05-12 16:53:21 0 [Note] InnoDB: Uses event mutexes
2026-05-12 16:53:21 0 [Note] InnoDB: Compressed tables use zlib 1.3
2026-05-12 16:53:21 0 [Note] InnoDB: Number of pools: 1
2026-05-12 16:53:21 0 [Note] InnoDB: Using SSE2 crc32 instructions
2026-05-12 16:53:21 0 [Note] InnoDB: Initializing buffer pool, total size = 16M, instances = 1, chunk size = 16M
2026-05-12 16:53:21 0 [Note] InnoDB: Completed initialization of buffer pool
2026-05-12 16:53:21 0 [Note] InnoDB: Starting crash recovery from checkpoint LSN=13651752
2026-05-12 16:53:21 0 [Note] InnoDB: 128 out of 128 rollback segments are active.
2026-05-12 16:53:21 0 [Note] InnoDB: Removed temporary tablespace data file: "ibtmp1"
2026-05-12 16:53:21 0 [Note] InnoDB: Creating shared tablespace for temporary tables
2026-05-12 16:53:21 0 [Note] InnoDB: Setting file 'C:\xampp\mysql\data\ibtmp1' size to 12 MB. Physically writing the file full; Please wait ...
2026-05-12 16:53:21 0 [Note] InnoDB: File 'C:\xampp\mysql\data\ibtmp1' size is now 12 MB.
2026-05-12 16:53:21 0 [Note] InnoDB: Waiting for purge to start
2026-05-12 16:53:21 0 [Note] InnoDB: 10.4.32 started; log sequence number 13651761; transaction id 4546
2026-05-12 16:53:21 0 [Note] InnoDB: Loading buffer pool(s) from C:\xampp\mysql\data\ib_buffer_pool
2026-05-12 16:53:21 0 [Note] Plugin 'FEEDBACK' is disabled.
2026-05-12 16:53:21 0 [Note] Server socket created on IP: '::'.
2026-05-18 14:28:54 0 [Note] Starting MariaDB 10.4.32-MariaDB source revision c4143f909528e3fab0677a28631d10389354c491 as process 12912
2026-05-18 14:28:54 0 [Note] InnoDB: Mutexes and rw_locks use Windows interlocked functions
2026-05-18 14:28:54 0 [Note] InnoDB: Uses event mutexes
2026-05-18 14:28:54 0 [Note] InnoDB: Compressed tables use zlib 1.3
2026-05-18 14:28:54 0 [Note] InnoDB: Number of pools: 1
2026-05-18 14:28:54 0 [Note] InnoDB: Using SSE2 crc32 instructions
2026-05-18 14:28:54 0 [Note] InnoDB: Initializing buffer pool, total size = 16M, instances = 1, chunk size = 16M
2026-05-18 14:28:54 0 [Note] InnoDB: Completed initialization of buffer pool
2026-05-18 14:28:54 0 [Note] InnoDB: Starting crash recovery from checkpoint LSN=23323409
2026-05-18 14:28:54 0 [Note] InnoDB: 128 out of 128 rollback segments are active.
2026-05-18 14:28:54 0 [Note] InnoDB: Removed temporary tablespace data file: "ibtmp1"
2026-05-18 14:28:54 0 [Note] InnoDB: Creating shared tablespace for temporary tables
2026-05-18 14:28:54 0 [Note] InnoDB: Setting file 'C:\xampp\mysql\data\ibtmp1' size to 12 MB. Physically writing the file full; Please wait ...
2026-05-18 14:28:54 0 [Note] InnoDB: File 'C:\xampp\mysql\data\ibtmp1' size is now 12 MB.
2026-05-18 14:28:54 0 [Note] InnoDB: Waiting for purge to start
2026-05-18 14:28:55 0 [Note] InnoDB: 10.4.32 started; log sequence number 23323418; transaction id 9672
2026-05-18 14:28:55 0 [Note] Plugin 'FEEDBACK' is disabled.
2026-05-18 14:28:55 0 [Note] InnoDB: Loading buffer pool(s) from C:\xampp\mysql\data\ib_buffer_pool
2026-05-18 14:28:55 0 [Note] InnoDB: Buffer pool(s) load completed at 260518 14:28:55
2026-05-18 14:28:55 0 [Note] Server socket created on IP: '::'.
2026-05-21 16:23:02 0 [Note] Starting MariaDB 10.4.32-MariaDB source revision c4143f909528e3fab0677a28631d10389354c491 as process 8360
2026-05-21 16:23:02 0 [Note] InnoDB: Mutexes and rw_locks use Windows interlocked functions
2026-05-21 16:23:02 0 [Note] InnoDB: Uses event mutexes
2026-05-21 16:23:02 0 [Note] InnoDB: Compressed tables use zlib 1.3
2026-05-21 16:23:02 0 [Note] InnoDB: Number of pools: 1
2026-05-21 16:23:02 0 [Note] InnoDB: Using SSE2 crc32 instructions
2026-05-21 16:23:02 0 [Note] InnoDB: Initializing buffer pool, total size = 16M, instances = 1, chunk size = 16M
2026-05-21 16:23:02 0 [Note] InnoDB: Completed initialization of buffer pool
2026-05-21 16:23:02 0 [Note] InnoDB: Starting crash recovery from checkpoint LSN=23398170
2026-05-21 16:23:03 0 [Note] InnoDB: 128 out of 128 rollback segments are active.
2026-05-21 16:23:03 0 [Note] InnoDB: Removed temporary tablespace data file: "ibtmp1"
2026-05-21 16:23:03 0 [Note] InnoDB: Creating shared tablespace for temporary tables
2026-05-21 16:23:03 0 [Note] InnoDB: Setting file 'C:\xampp\mysql\data\ibtmp1' size to 12 MB. Physically writing the file full; Please wait ...
2026-05-21 16:23:03 0 [Note] InnoDB: File 'C:\xampp\mysql\data\ibtmp1' size is now 12 MB.
2026-05-21 16:23:03 0 [Note] InnoDB: Waiting for purge to start
2026-05-21 16:23:03 0 [Note] InnoDB: 10.4.32 started; log sequence number 23398179; transaction id 9814
2026-05-21 16:23:03 0 [Note] Plugin 'FEEDBACK' is disabled.
2026-05-21 16:23:03 0 [Note] InnoDB: Loading buffer pool(s) from C:\xampp\mysql\data\ib_buffer_pool
2026-05-21 16:23:03 0 [Note] InnoDB: Buffer pool(s) load completed at 260521 16:23:03
2026-05-21 16:23:03 0 [Note] Server socket created on IP: '::'.
2026-05-22 10:17:52 0 [Note] Starting MariaDB 10.4.32-MariaDB source revision c4143f909528e3fab0677a28631d10389354c491 as process 11040
2026-05-22 10:17:52 0 [Note] InnoDB: Mutexes and rw_locks use Windows interlocked functions
2026-05-22 10:17:52 0 [Note] InnoDB: Uses event mutexes
2026-05-22 10:17:52 0 [Note] InnoDB: Compressed tables use zlib 1.3
2026-05-22 10:17:52 0 [Note] InnoDB: Number of pools: 1
2026-05-22 10:17:52 0 [Note] InnoDB: Using SSE2 crc32 instructions
2026-05-22 10:17:52 0 [Note] InnoDB: Initializing buffer pool, total size = 16M, instances = 1, chunk size = 16M
2026-05-22 10:17:52 0 [Note] InnoDB: Completed initialization of buffer pool
2026-05-22 10:17:52 0 [Note] InnoDB: Starting crash recovery from checkpoint LSN=24784516
2026-05-22 10:17:53 0 [Note] InnoDB: 128 out of 128 rollback segments are active.
2026-05-22 10:17:53 0 [Note] InnoDB: Removed temporary tablespace data file: "ibtmp1"
2026-05-22 10:17:53 0 [Note] InnoDB: Creating shared tablespace for temporary tables
2026-05-22 10:17:53 0 [Note] InnoDB: Setting file 'C:\xampp\mysql\data\ibtmp1' size to 12 MB. Physically writing the file full; Please wait ...
2026-05-22 10:17:53 0 [Note] InnoDB: File 'C:\xampp\mysql\data\ibtmp1' size is now 12 MB.
2026-05-22 10:17:53 0 [Note] InnoDB: Waiting for purge to start
2026-05-22 10:17:53 0 [Note] InnoDB: 10.4.32 started; log sequence number 24784525; transaction id 14201
2026-05-22 10:17:53 0 [Note] Plugin 'FEEDBACK' is disabled.
2026-05-22 10:17:53 0 [Note] InnoDB: Loading buffer pool(s) from C:\xampp\mysql\data\ib_buffer_pool
2026-05-22 10:17:53 0 [Note] InnoDB: Buffer pool(s) load completed at 260522 10:17:53
2026-05-22 10:17:53 0 [Note] Server socket created on IP: '::'.
2026-05-29 10:27:54 0 [Note] Starting MariaDB 10.4.32-MariaDB source revision c4143f909528e3fab0677a28631d10389354c491 as process 6780
2026-05-29 10:27:54 0 [Note] InnoDB: Mutexes and rw_locks use Windows interlocked functions
2026-05-29 10:27:54 0 [Note] InnoDB: Uses event mutexes
2026-05-29 10:27:54 0 [Note] InnoDB: Compressed tables use zlib 1.3
2026-05-29 10:27:54 0 [Note] InnoDB: Number of pools: 1
2026-05-29 10:27:54 0 [Note] InnoDB: Using SSE2 crc32 instructions
2026-05-29 10:27:54 0 [Note] InnoDB: Initializing buffer pool, total size = 16M, instances = 1, chunk size = 16M
2026-05-29 10:27:54 0 [Note] InnoDB: Completed initialization of buffer pool
2026-05-29 10:27:55 0 [Note] InnoDB: Starting crash recovery from checkpoint LSN=30721322
2026-05-29 10:27:56 0 [Note] InnoDB: 128 out of 128 rollback segments are active.
2026-05-29 10:27:56 0 [Note] InnoDB: Removed temporary tablespace data file: "ibtmp1"
2026-05-29 10:27:56 0 [Note] InnoDB: Creating shared tablespace for temporary tables
2026-05-29 10:27:56 0 [Note] InnoDB: Setting file 'C:\xampp\mysql\data\ibtmp1' size to 12 MB. Physically writing the file full; Please wait ...
2026-05-29 10:27:56 0 [Note] InnoDB: File 'C:\xampp\mysql\data\ibtmp1' size is now 12 MB.
2026-05-29 10:27:56 0 [Note] InnoDB: Waiting for purge to start
2026-05-29 10:27:56 0 [Note] InnoDB: 10.4.32 started; log sequence number 30721331; transaction id 23299
2026-05-29 10:27:56 0 [Note] InnoDB: Loading buffer pool(s) from C:\xampp\mysql\data\ib_buffer_pool
2026-05-29 10:27:56 0 [Note] Plugin 'FEEDBACK' is disabled.
2026-05-29 10:27:56 0 [Note] InnoDB: Buffer pool(s) load completed at 260529 10:27:56
2026-05-29 10:27:56 0 [Note] Server socket created on IP: '::'.
2026-05-30 10:06:00 0 [Note] Starting MariaDB 10.4.32-MariaDB source revision c4143f909528e3fab0677a28631d10389354c491 as process 9388
2026-05-30 10:06:00 0 [Note] InnoDB: Mutexes and rw_locks use Windows interlocked functions
2026-05-30 10:06:00 0 [Note] InnoDB: Uses event mutexes
2026-05-30 10:06:00 0 [Note] InnoDB: Compressed tables use zlib 1.3
2026-05-30 10:06:00 0 [Note] InnoDB: Number of pools: 1
2026-05-30 10:06:00 0 [Note] InnoDB: Using SSE2 crc32 instructions
2026-05-30 10:06:00 0 [Note] InnoDB: Initializing buffer pool, total size = 16M, instances = 1, chunk size = 16M
2026-05-30 10:06:00 0 [Note] InnoDB: Completed initialization of buffer pool
2026-05-30 10:06:00 0 [Note] InnoDB: Starting crash recovery from checkpoint LSN=30865030
2026-05-30 10:06:05 0 [Note] InnoDB: 128 out of 128 rollback segments are active.
2026-05-30 10:06:05 0 [Note] InnoDB: Removed temporary tablespace data file: "ibtmp1"
2026-05-30 10:06:05 0 [Note] InnoDB: Creating shared tablespace for temporary tables
2026-05-30 10:06:05 0 [Note] InnoDB: Setting file 'C:\xampp\mysql\data\ibtmp1' size to 12 MB. Physically writing the file full; Please wait ...
2026-05-30 10:06:05 0 [Note] InnoDB: File 'C:\xampp\mysql\data\ibtmp1' size is now 12 MB.
2026-05-30 10:06:05 0 [Note] InnoDB: Waiting for purge to start
2026-05-30 10:06:05 0 [Note] InnoDB: 10.4.32 started; log sequence number 30865039; transaction id 23533
2026-05-30 10:06:05 0 [Note] InnoDB: Loading buffer pool(s) from C:\xampp\mysql\data\ib_buffer_pool
2026-05-30 10:06:05 0 [Note] Plugin 'FEEDBACK' is disabled.
2026-05-30 10:06:05 0 [Note] InnoDB: Buffer pool(s) load completed at 260530 10:06:05
2026-05-30 10:06:05 0 [Note] Server socket created on IP: '::'.
2026-06-01 11:10:50 0 [Note] Starting MariaDB 10.4.32-MariaDB source revision c4143f909528e3fab0677a28631d10389354c491 as process 7028
2026-06-01 11:10:50 0 [Note] InnoDB: Mutexes and rw_locks use Windows interlocked functions
2026-06-01 11:10:50 0 [Note] InnoDB: Uses event mutexes
2026-06-01 11:10:50 0 [Note] InnoDB: Compressed tables use zlib 1.3
2026-06-01 11:10:50 0 [Note] InnoDB: Number of pools: 1
2026-06-01 11:10:50 0 [Note] InnoDB: Using SSE2 crc32 instructions
2026-06-01 11:10:50 0 [Note] InnoDB: Initializing buffer pool, total size = 16M, instances = 1, chunk size = 16M
2026-06-01 11:10:50 0 [Note] InnoDB: Completed initialization of buffer pool
2026-06-01 11:10:50 0 [Note] InnoDB: Starting crash recovery from checkpoint LSN=31257708
2026-06-01 11:10:52 0 [Note] InnoDB: 128 out of 128 rollback segments are active.
2026-06-01 11:10:52 0 [Note] InnoDB: Removed temporary tablespace data file: "ibtmp1"
2026-06-01 11:10:52 0 [Note] InnoDB: Creating shared tablespace for temporary tables
2026-06-01 11:10:52 0 [Note] InnoDB: Setting file 'C:\xampp\mysql\data\ibtmp1' size to 12 MB. Physically writing the file full; Please wait ...
2026-06-01 11:10:52 0 [Note] InnoDB: File 'C:\xampp\mysql\data\ibtmp1' size is now 12 MB.
2026-06-01 11:10:52 0 [Note] InnoDB: Waiting for purge to start
2026-06-01 11:10:52 0 [Note] InnoDB: 10.4.32 started; log sequence number 31257717; transaction id 23950
2026-06-01 11:10:52 0 [Note] InnoDB: Loading buffer pool(s) from C:\xampp\mysql\data\ib_buffer_pool
2026-06-01 11:10:52 0 [Note] Plugin 'FEEDBACK' is disabled.
2026-06-01 11:10:52 0 [Note] InnoDB: Buffer pool(s) load completed at 260601 11:10:52
2026-06-01 11:10:52 0 [Note] Server socket created on IP: '::'.
2026-06-02 10:20:35 0 [Note] Starting MariaDB 10.4.32-MariaDB source revision c4143f909528e3fab0677a28631d10389354c491 as process 10960
2026-06-02 10:20:35 0 [Note] InnoDB: Mutexes and rw_locks use Windows interlocked functions
2026-06-02 10:20:35 0 [Note] InnoDB: Uses event mutexes
2026-06-02 10:20:35 0 [Note] InnoDB: Compressed tables use zlib 1.3
2026-06-02 10:20:35 0 [Note] InnoDB: Number of pools: 1
2026-06-02 10:20:35 0 [Note] InnoDB: Using SSE2 crc32 instructions
2026-06-02 10:20:35 0 [Note] InnoDB: Initializing buffer pool, total size = 16M, instances = 1, chunk size = 16M
2026-06-02 10:20:35 0 [Note] InnoDB: Completed initialization of buffer pool
2026-06-02 10:20:35 0 [Note] InnoDB: Starting crash recovery from checkpoint LSN=31417057
2026-06-02 10:20:36 0 [Note] InnoDB: 128 out of 128 rollback segments are active.
2026-06-02 10:20:36 0 [Note] InnoDB: Removed temporary tablespace data file: "ibtmp1"
2026-06-02 10:20:36 0 [Note] InnoDB: Creating shared tablespace for temporary tables
2026-06-02 10:20:36 0 [Note] InnoDB: Setting file 'C:\xampp\mysql\data\ibtmp1' size to 12 MB. Physically writing the file full; Please wait ...
2026-06-02 10:20:36 0 [Note] InnoDB: File 'C:\xampp\mysql\data\ibtmp1' size is now 12 MB.
2026-06-02 10:20:36 0 [Note] InnoDB: Waiting for purge to start
2026-06-02 10:20:37 0 [Note] InnoDB: 10.4.32 started; log sequence number 31417066; transaction id 24324
2026-06-02 10:20:37 0 [Note] InnoDB: Loading buffer pool(s) from C:\xampp\mysql\data\ib_buffer_pool
2026-06-02 10:20:37 0 [Note] Plugin 'FEEDBACK' is disabled.
2026-06-02 10:20:37 0 [Note] InnoDB: Buffer pool(s) load completed at 260602 10:20:37
2026-06-02 10:20:37 0 [Note] Server socket created on IP: '::'.
2026-06-02 10:22:23 0 [Note] Starting MariaDB 10.4.32-MariaDB source revision c4143f909528e3fab0677a28631d10389354c491 as process 2852
2026-06-02 10:22:23 0 [Note] InnoDB: Mutexes and rw_locks use Windows interlocked functions
2026-06-02 10:22:23 0 [Note] InnoDB: Uses event mutexes
2026-06-02 10:22:23 0 [Note] InnoDB: Compressed tables use zlib 1.3
2026-06-02 10:22:23 0 [Note] InnoDB: Number of pools: 1
2026-06-02 10:22:23 0 [Note] InnoDB: Using SSE2 crc32 instructions
2026-06-02 10:22:23 0 [Note] InnoDB: Initializing buffer pool, total size = 16M, instances = 1, chunk size = 16M
2026-06-02 10:22:23 0 [Note] InnoDB: Completed initialization of buffer pool
2026-06-02 10:22:23 0 [Note] InnoDB: Starting crash recovery from checkpoint LSN=31417075
2026-06-02 10:22:23 0 [Note] InnoDB: 128 out of 128 rollback segments are active.
2026-06-02 10:22:23 0 [Note] InnoDB: Removed temporary tablespace data file: "ibtmp1"
2026-06-02 10:22:23 0 [Note] InnoDB: Creating shared tablespace for temporary tables
2026-06-02 10:22:23 0 [Note] InnoDB: Setting file 'C:\xampp\mysql\data\ibtmp1' size to 12 MB. Physically writing the file full; Please wait ...
2026-06-02 10:22:23 0 [Note] InnoDB: File 'C:\xampp\mysql\data\ibtmp1' size is now 12 MB.
2026-06-02 10:22:23 0 [Note] InnoDB: Waiting for purge to start
2026-06-02 10:22:23 0 [Note] InnoDB: 10.4.32 started; log sequence number 31417084; transaction id 24324
2026-06-02 10:22:23 0 [Note] InnoDB: Loading buffer pool(s) from C:\xampp\mysql\data\ib_buffer_pool
2026-06-02 10:22:23 0 [Note] Plugin 'FEEDBACK' is disabled.
2026-06-02 10:22:23 0 [Note] Server socket created on IP: '::'.
2026-06-03 11:47:02 0 [Note] Starting MariaDB 10.4.32-MariaDB source revision c4143f909528e3fab0677a28631d10389354c491 as process 6436
2026-06-03 11:47:02 0 [Note] InnoDB: Mutexes and rw_locks use Windows interlocked functions
2026-06-03 11:47:02 0 [Note] InnoDB: Uses event mutexes
2026-06-03 11:47:02 0 [Note] InnoDB: Compressed tables use zlib 1.3
2026-06-03 11:47:02 0 [Note] InnoDB: Number of pools: 1
2026-06-03 11:47:02 0 [Note] InnoDB: Using SSE2 crc32 instructions
2026-06-03 11:47:02 0 [Note] InnoDB: Initializing buffer pool, total size = 16M, instances = 1, chunk size = 16M
2026-06-03 11:47:02 0 [Note] InnoDB: Completed initialization of buffer pool
2026-06-03 11:47:02 0 [Note] InnoDB: Starting crash recovery from checkpoint LSN=31474938
2026-06-03 11:47:04 0 [Note] InnoDB: 128 out of 128 rollback segments are active.
2026-06-03 11:47:04 0 [Note] InnoDB: Removed temporary tablespace data file: "ibtmp1"
2026-06-03 11:47:04 0 [Note] InnoDB: Creating shared tablespace for temporary tables
2026-06-03 11:47:04 0 [Note] InnoDB: Setting file 'C:\xampp\mysql\data\ibtmp1' size to 12 MB. Physically writing the file full; Please wait ...
2026-06-03 11:47:04 0 [Note] InnoDB: File 'C:\xampp\mysql\data\ibtmp1' size is now 12 MB.
2026-06-03 11:47:04 0 [Note] InnoDB: Waiting for purge to start
2026-06-03 11:47:04 0 [Note] InnoDB: 10.4.32 started; log sequence number 31474947; transaction id 24510
2026-06-03 11:47:04 0 [Note] InnoDB: Loading buffer pool(s) from C:\xampp\mysql\data\ib_buffer_pool
2026-06-03 11:47:04 0 [Note] Plugin 'FEEDBACK' is disabled.
2026-06-03 11:47:04 0 [Note] InnoDB: Buffer pool(s) load completed at 260603 11:47:04
2026-06-03 11:47:04 0 [Note] Server socket created on IP: '::'.
2026-06-04 11:55:02 0 [Note] Starting MariaDB 10.4.32-MariaDB source revision c4143f909528e3fab0677a28631d10389354c491 as process 9716
2026-06-04 11:55:02 0 [Note] InnoDB: Mutexes and rw_locks use Windows interlocked functions
2026-06-04 11:55:02 0 [Note] InnoDB: Uses event mutexes
2026-06-04 11:55:02 0 [Note] InnoDB: Compressed tables use zlib 1.3
2026-06-04 11:55:02 0 [Note] InnoDB: Number of pools: 1
2026-06-04 11:55:02 0 [Note] InnoDB: Using SSE2 crc32 instructions
2026-06-04 11:55:02 0 [Note] InnoDB: Initializing buffer pool, total size = 16M, instances = 1, chunk size = 16M
2026-06-04 11:55:02 0 [Note] InnoDB: Completed initialization of buffer pool
2026-06-04 11:55:02 0 [Note] InnoDB: Starting crash recovery from checkpoint LSN=31489953
2026-06-04 11:55:04 0 [Note] InnoDB: 128 out of 128 rollback segments are active.
2026-06-04 11:55:04 0 [Note] InnoDB: Removed temporary tablespace data file: "ibtmp1"
2026-06-04 11:55:04 0 [Note] InnoDB: Creating shared tablespace for temporary tables
2026-06-04 11:55:04 0 [Note] InnoDB: Setting file 'C:\xampp\mysql\data\ibtmp1' size to 12 MB. Physically writing the file full; Please wait ...
2026-06-04 11:55:04 0 [Note] InnoDB: File 'C:\xampp\mysql\data\ibtmp1' size is now 12 MB.
2026-06-04 11:55:04 0 [Note] InnoDB: Waiting for purge to start
2026-06-04 11:55:04 0 [Note] InnoDB: 10.4.32 started; log sequence number 31489962; transaction id 24570
2026-06-04 11:55:04 0 [Note] InnoDB: Loading buffer pool(s) from C:\xampp\mysql\data\ib_buffer_pool
2026-06-04 11:55:04 0 [Note] Plugin 'FEEDBACK' is disabled.
2026-06-04 11:55:04 0 [Note] InnoDB: Buffer pool(s) load completed at 260604 11:55:04
2026-06-04 11:55:04 0 [Note] Server socket created on IP: '::'.
2026-06-05  9:52:42 0 [Note] Starting MariaDB 10.4.32-MariaDB source revision c4143f909528e3fab0677a28631d10389354c491 as process 3492
2026-06-05  9:52:42 0 [Note] InnoDB: Mutexes and rw_locks use Windows interlocked functions
2026-06-05  9:52:42 0 [Note] InnoDB: Uses event mutexes
2026-06-05  9:52:42 0 [Note] InnoDB: Compressed tables use zlib 1.3
2026-06-05  9:52:42 0 [Note] InnoDB: Number of pools: 1
2026-06-05  9:52:43 0 [Note] InnoDB: Using SSE2 crc32 instructions
2026-06-05  9:52:43 0 [Note] InnoDB: Initializing buffer pool, total size = 16M, instances = 1, chunk size = 16M
2026-06-05  9:52:43 0 [Note] InnoDB: Completed initialization of buffer pool
2026-06-05  9:52:43 0 [Note] InnoDB: Starting crash recovery from checkpoint LSN=31564431
2026-06-05  9:52:45 0 [Note] InnoDB: 128 out of 128 rollback segments are active.
2026-06-05  9:52:45 0 [Note] InnoDB: Removed temporary tablespace data file: "ibtmp1"
2026-06-05  9:52:45 0 [Note] InnoDB: Creating shared tablespace for temporary tables
2026-06-05  9:52:45 0 [Note] InnoDB: Setting file 'C:\xampp\mysql\data\ibtmp1' size to 12 MB. Physically writing the file full; Please wait ...
2026-06-05  9:52:45 0 [Note] InnoDB: File 'C:\xampp\mysql\data\ibtmp1' size is now 12 MB.
2026-06-05  9:52:45 0 [Note] InnoDB: Waiting for purge to start
2026-06-05  9:52:45 0 [Note] InnoDB: 10.4.32 started; log sequence number 31564440; transaction id 24757
2026-06-05  9:52:45 0 [Note] InnoDB: Loading buffer pool(s) from C:\xampp\mysql\data\ib_buffer_pool
2026-06-05  9:52:45 0 [Note] Plugin 'FEEDBACK' is disabled.
2026-06-05  9:52:45 0 [Note] InnoDB: Buffer pool(s) load completed at 260605  9:52:45
2026-06-05  9:52:45 0 [Note] Server socket created on IP: '::'.
2026-06-06 10:38:53 0 [Note] Starting MariaDB 10.4.32-MariaDB source revision c4143f909528e3fab0677a28631d10389354c491 as process 4020
2026-06-06 10:38:53 0 [Note] InnoDB: Mutexes and rw_locks use Windows interlocked functions
2026-06-06 10:38:53 0 [Note] InnoDB: Uses event mutexes
2026-06-06 10:38:53 0 [Note] InnoDB: Compressed tables use zlib 1.3
2026-06-06 10:38:53 0 [Note] InnoDB: Number of pools: 1
2026-06-06 10:38:53 0 [Note] InnoDB: Using SSE2 crc32 instructions
2026-06-06 10:38:53 0 [Note] InnoDB: Initializing buffer pool, total size = 16M, instances = 1, chunk size = 16M
2026-06-06 10:38:53 0 [Note] InnoDB: Completed initialization of buffer pool
2026-06-06 10:38:53 0 [Note] InnoDB: Starting crash recovery from checkpoint LSN=31604556
2026-06-06 10:38:55 0 [Note] InnoDB: 128 out of 128 rollback segments are active.
2026-06-06 10:38:55 0 [Note] InnoDB: Removed temporary tablespace data file: "ibtmp1"
2026-06-06 10:38:55 0 [Note] InnoDB: Creating shared tablespace for temporary tables
2026-06-06 10:38:55 0 [Note] InnoDB: Setting file 'C:\xampp\mysql\data\ibtmp1' size to 12 MB. Physically writing the file full; Please wait ...
2026-06-06 10:38:55 0 [Note] InnoDB: File 'C:\xampp\mysql\data\ibtmp1' size is now 12 MB.
2026-06-06 10:38:55 0 [Note] InnoDB: Waiting for purge to start
2026-06-06 10:38:55 0 [Note] InnoDB: 10.4.32 started; log sequence number 31604565; transaction id 24870
2026-06-06 10:38:55 0 [Note] InnoDB: Loading buffer pool(s) from C:\xampp\mysql\data\ib_buffer_pool
2026-06-06 10:38:55 0 [Note] Plugin 'FEEDBACK' is disabled.
2026-06-06 10:38:55 0 [Note] InnoDB: Buffer pool(s) load completed at 260606 10:38:55
2026-06-06 10:38:55 0 [Note] Server socket created on IP: '::'.
2026-06-08 12:47:38 0 [Note] Starting MariaDB 10.4.32-MariaDB source revision c4143f909528e3fab0677a28631d10389354c491 as process 16200
2026-06-08 12:47:38 0 [Note] InnoDB: Mutexes and rw_locks use Windows interlocked functions
2026-06-08 12:47:38 0 [Note] InnoDB: Uses event mutexes
2026-06-08 12:47:38 0 [Note] InnoDB: Compressed tables use zlib 1.3
2026-06-08 12:47:38 0 [Note] InnoDB: Number of pools: 1
2026-06-08 12:47:38 0 [Note] InnoDB: Using SSE2 crc32 instructions
2026-06-08 12:47:38 0 [Note] InnoDB: Initializing buffer pool, total size = 16M, instances = 1, chunk size = 16M
2026-06-08 12:47:38 0 [Note] InnoDB: Completed initialization of buffer pool
2026-06-08 12:47:38 0 [Note] InnoDB: Starting crash recovery from checkpoint LSN=31604574
2026-06-08 12:47:39 0 [Note] InnoDB: 128 out of 128 rollback segments are active.
2026-06-08 12:47:39 0 [Note] InnoDB: Removed temporary tablespace data file: "ibtmp1"
2026-06-08 12:47:39 0 [Note] InnoDB: Creating shared tablespace for temporary tables
2026-06-08 12:47:39 0 [Note] InnoDB: Setting file 'C:\xampp\mysql\data\ibtmp1' size to 12 MB. Physically writing the file full; Please wait ...
2026-06-08 12:47:39 0 [Note] InnoDB: File 'C:\xampp\mysql\data\ibtmp1' size is now 12 MB.
2026-06-08 12:47:39 0 [Note] InnoDB: Waiting for purge to start
2026-06-08 12:47:40 0 [Note] InnoDB: 10.4.32 started; log sequence number 31604583; transaction id 24870
2026-06-08 12:47:40 0 [Note] InnoDB: Loading buffer pool(s) from C:\xampp\mysql\data\ib_buffer_pool
2026-06-08 12:47:40 0 [Note] Plugin 'FEEDBACK' is disabled.
2026-06-08 12:47:40 0 [Note] InnoDB: Buffer pool(s) load completed at 260608 12:47:40
2026-06-08 12:47:40 0 [Note] Server socket created on IP: '::'.
